2024-02-23-13:10:29: Started (Puppeteer): brightonfestival.org
2024-02-23-13:10:42: 1 / 1 / 62 (PP) http://brightonfestival.org/
2024-02-23-13:10:42: Finished (Puppeteer) (success: true): brightonfestival.org
2024-02-23-13:10:42: Started (Playwright): brightonfestival.org
2024-02-23-13:10:42: Started (Puppeteer): hfg-karlsruhe.de/
2024-02-23-13:10:46: 1 / 1 / 195 (PP) http://hfg-karlsruhe.de/
2024-02-23-13:10:46: Finished (Puppeteer) (success: true): hfg-karlsruhe.de/
2024-02-23-13:10:46: Started (Playwright): hfg-karlsruhe.de/
2024-02-23-13:10:46: Started (Puppeteer): adk-bw.de
2024-02-23-13:10:56: 1 / 1 / 38 (PP) http://adk-bw.de/
2024-02-23-13:10:56: Finished (Puppeteer) (success: true): adk-bw.de
2024-02-23-13:10:56: Started (Playwright): adk-bw.de
2024-02-23-13:10:56: Started (Puppeteer): hfph.de
2024-02-23-13:10:58: 1 / 1 / 77 (PP) http://hfph.de/
2024-02-23-13:10:59: Finished (Puppeteer) (success: true): hfph.de
2024-02-23-13:10:59: Started (Playwright): hfph.de
2024-02-23-13:10:59: Started (Puppeteer): kh-berlin.de
2024-02-23-13:11:00: 1 / 1 / 501 (PP) http://kh-berlin.de/
2024-02-23-13:11:00: Finished (Puppeteer) (success: true): kh-berlin.de
2024-02-23-13:11:00: Started (Playwright): kh-berlin.de
2024-02-23-13:11:31: Started (Puppeteer): google.com
2024-02-23-13:11:33: 1 / 1 / 11 (PP) http://google.com/
2024-02-23-13:11:33: Finished (Puppeteer) (success: true): google.com
2024-02-23-13:11:33: Started (Playwright): google.com
2024-02-23-13:11:44: Started (Puppeteer): google.com
2024-02-23-13:11:46: 1 / 1 / 11 (PP) http://google.com/
2024-02-23-13:11:46: Finished (Puppeteer) (success: true): google.com
2024-02-23-13:11:46: Started (Playwright): google.com
2024-02-23-13:14:11: Started (Puppeteer): google.com
2024-02-23-13:14:14: 1 / 1 / 11 (PP) http://google.com/
2024-02-23-13:14:14: Finished (Puppeteer) (success: true): google.com
2024-02-23-13:14:14: Started (Playwright): google.com
